TN:
SF:/Users/mahith/Library/Mobile Documents/com~apple~CloudDocs/Husky/Coursework/INFO7500/Assignments/Assignment 02/Dutch-Auction/v1.0/contracts/BasicDutchAuction.sol
FN:45,constructor
FN:62,currentBlock
FN:67,blockDifference
FN:72,currentPrice
FN:77,finalize
FN:83,isAuctionOpen
FN:94,bid
FNF:7
FNH:7
FNDA:3,constructor
FNDA:13,currentBlock
FNDA:13,blockDifference
FNDA:8,currentPrice
FNDA:3,finalize
FNDA:5,isAuctionOpen
FNDA:5,bid
DA:47,3
DA:48,3
DA:49,3
DA:50,3
DA:53,3
DA:54,3
DA:55,3
DA:58,3
DA:63,13
DA:68,13
DA:73,8
DA:78,3
DA:79,3
DA:84,5
DA:97,5
DA:100,4
DA:103,4
DA:106,4
DA:109,4
DA:113,3
DA:114,3
DA:117,3
DA:118,3
LF:23
LH:23
BRDA:97,1,0,4
BRDA:97,1,1,1
BRDA:100,2,0,4
BRDA:100,2,1,0
BRDA:103,3,0,4
BRDA:103,3,1,0
BRDA:106,4,0,4
BRDA:106,4,1,0
BRDA:109,5,0,3
BRDA:109,5,1,1
BRDA:114,6,0,3
BRDA:114,6,1,0
BRF:12
BRH:8
end_of_record
