{"contracts/BasicDutchAuction.sol":{"l":{"47":3,"48":3,"49":3,"50":3,"53":3,"54":3,"55":3,"58":3,"63":13,"68":13,"73":8,"78":3,"79":3,"84":5,"97":5,"100":4,"103":4,"106":4,"109":4,"113":3,"114":3,"117":3,"118":3},"path":"/Users/mahith/Library/Mobile Documents/com~apple~CloudDocs/Husky/Coursework/INFO7500/Assignments/Assignment 02/Dutch-Auction/v1.0/contracts/BasicDutchAuction.sol","s":{"1":13,"2":13,"3":8,"4":5,"5":5,"6":4,"7":4,"8":4,"9":4,"10":3,"11":3,"12":3,"13":3},"b":{"1":[4,1],"2":[4,0],"3":[4,0],"4":[4,0],"5":[3,1],"6":[3,0]},"f":{"1":3,"2":13,"3":13,"4":8,"5":3,"6":5,"7":5},"fnMap":{"1":{"name":"constructor","line":45,"loc":{"start":{"line":45,"column":4},"end":{"line":59,"column":4}}},"2":{"name":"currentBlock","line":62,"loc":{"start":{"line":62,"column":4},"end":{"line":64,"column":4}}},"3":{"name":"blockDifference","line":67,"loc":{"start":{"line":67,"column":4},"end":{"line":69,"column":4}}},"4":{"name":"currentPrice","line":72,"loc":{"start":{"line":72,"column":4},"end":{"line":74,"column":4}}},"5":{"name":"finalize","line":77,"loc":{"start":{"line":77,"column":4},"end":{"line":80,"column":4}}},"6":{"name":"isAuctionOpen","line":83,"loc":{"start":{"line":83,"column":4},"end":{"line":85,"column":4}}},"7":{"name":"bid","line":94,"loc":{"start":{"line":94,"column":4},"end":{"line":119,"column":4}}}},"statementMap":{"1":{"start":{"line":63,"column":8},"end":{"line":63,"column":27}},"2":{"start":{"line":68,"column":8},"end":{"line":68,"column":41}},"3":{"start":{"line":73,"column":8},"end":{"line":73,"column":71}},"4":{"start":{"line":84,"column":8},"end":{"line":84,"column":56}},"5":{"start":{"line":97,"column":8},"end":{"line":97,"column":52}},"6":{"start":{"line":100,"column":8},"end":{"line":100,"column":70}},"7":{"start":{"line":103,"column":8},"end":{"line":103,"column":59}},"8":{"start":{"line":106,"column":8},"end":{"line":106,"column":54}},"9":{"start":{"line":109,"column":8},"end":{"line":109,"column":65}},"10":{"start":{"line":113,"column":8},"end":{"line":113,"column":68}},"11":{"start":{"line":114,"column":8},"end":{"line":114,"column":51}},"12":{"start":{"line":117,"column":8},"end":{"line":117,"column":27}},"13":{"start":{"line":118,"column":8},"end":{"line":118,"column":20}}},"branchMap":{"1":{"line":97,"type":"if","locations":[{"start":{"line":97,"column":8},"end":{"line":97,"column":8}},{"start":{"line":97,"column":8},"end":{"line":97,"column":8}}]},"2":{"line":100,"type":"if","locations":[{"start":{"line":100,"column":8},"end":{"line":100,"column":8}},{"start":{"line":100,"column":8},"end":{"line":100,"column":8}}]},"3":{"line":103,"type":"if","locations":[{"start":{"line":103,"column":8},"end":{"line":103,"column":8}},{"start":{"line":103,"column":8},"end":{"line":103,"column":8}}]},"4":{"line":106,"type":"if","locations":[{"start":{"line":106,"column":8},"end":{"line":106,"column":8}},{"start":{"line":106,"column":8},"end":{"line":106,"column":8}}]},"5":{"line":109,"type":"if","locations":[{"start":{"line":109,"column":8},"end":{"line":109,"column":8}},{"start":{"line":109,"column":8},"end":{"line":109,"column":8}}]},"6":{"line":114,"type":"if","locations":[{"start":{"line":114,"column":8},"end":{"line":114,"column":8}},{"start":{"line":114,"column":8},"end":{"line":114,"column":8}}]}}}}