{"contracts/NFTDutchAuction.sol":{"l":{"60":3,"61":3,"62":3,"65":3,"66":3,"69":3,"72":3,"73":3,"74":3,"77":3,"83":12,"88":12,"93":7,"98":5,"103":2,"104":1,"105":1,"110":2,"123":5,"126":5,"129":4,"132":4,"135":3,"138":2,"139":2,"142":2,"144":2,"145":2,"149":2},"path":"/Users/mahith/Library/Mobile Documents/com~apple~CloudDocs/Husky/Coursework/INFO7500/Assignments/Assignment 02/Dutch-Auction/v2.0/contracts/NFTDutchAuction.sol","s":{"1":3,"2":12,"3":12,"4":7,"5":5,"6":2,"7":2,"8":5,"9":5,"10":4,"11":4,"12":3,"13":2,"14":2,"15":2,"16":2,"17":2,"18":2},"b":{"1":[3,0],"2":[5,0],"3":[4,1],"4":[4,0],"5":[3,1],"6":[2,1],"7":[2,0],"8":[2,0]},"f":{"1":3,"2":12,"3":12,"4":7,"5":5,"6":2,"7":2,"8":5},"fnMap":{"1":{"name":"constructor","line":56,"loc":{"start":{"line":56,"column":4},"end":{"line":79,"column":4}}},"2":{"name":"currentBlock","line":82,"loc":{"start":{"line":82,"column":4},"end":{"line":84,"column":4}}},"3":{"name":"blockDifference","line":87,"loc":{"start":{"line":87,"column":4},"end":{"line":89,"column":4}}},"4":{"name":"currentPrice","line":92,"loc":{"start":{"line":92,"column":4},"end":{"line":94,"column":4}}},"5":{"name":"isAuctionOpen","line":97,"loc":{"start":{"line":97,"column":4},"end":{"line":99,"column":4}}},"6":{"name":"finalize","line":102,"loc":{"start":{"line":102,"column":4},"end":{"line":106,"column":4}}},"7":{"name":"refund","line":109,"loc":{"start":{"line":109,"column":4},"end":{"line":111,"column":4}}},"8":{"name":"bid","line":120,"loc":{"start":{"line":120,"column":4},"end":{"line":151,"column":4}}}},"statementMap":{"1":{"start":{"line":69,"column":8},"end":{"line":69,"column":84}},"2":{"start":{"line":83,"column":8},"end":{"line":83,"column":27}},"3":{"start":{"line":88,"column":8},"end":{"line":88,"column":41}},"4":{"start":{"line":93,"column":8},"end":{"line":93,"column":71}},"5":{"start":{"line":98,"column":8},"end":{"line":98,"column":56}},"6":{"start":{"line":103,"column":8},"end":{"line":103,"column":58}},"7":{"start":{"line":110,"column":8},"end":{"line":110,"column":49}},"8":{"start":{"line":123,"column":8},"end":{"line":123,"column":52}},"9":{"start":{"line":126,"column":8},"end":{"line":126,"column":70}},"10":{"start":{"line":129,"column":8},"end":{"line":129,"column":59}},"11":{"start":{"line":132,"column":8},"end":{"line":132,"column":55}},"12":{"start":{"line":135,"column":8},"end":{"line":135,"column":65}},"13":{"start":{"line":138,"column":8},"end":{"line":138,"column":69}},"14":{"start":{"line":139,"column":8},"end":{"line":139,"column":51}},"15":{"start":{"line":142,"column":8},"end":{"line":142,"column":51}},"16":{"start":{"line":144,"column":8},"end":{"line":144,"column":6299}},"17":{"start":{"line":145,"column":12},"end":{"line":145,"column":25}},"18":{"start":{"line":149,"column":8},"end":{"line":149,"column":17}}},"branchMap":{"1":{"line":69,"type":"if","locations":[{"start":{"line":69,"column":8},"end":{"line":69,"column":8}},{"start":{"line":69,"column":8},"end":{"line":69,"column":8}}]},"2":{"line":123,"type":"if","locations":[{"start":{"line":123,"column":8},"end":{"line":123,"column":8}},{"start":{"line":123,"column":8},"end":{"line":123,"column":8}}]},"3":{"line":126,"type":"if","locations":[{"start":{"line":126,"column":8},"end":{"line":126,"column":8}},{"start":{"line":126,"column":8},"end":{"line":126,"column":8}}]},"4":{"line":129,"type":"if","locations":[{"start":{"line":129,"column":8},"end":{"line":129,"column":8}},{"start":{"line":129,"column":8},"end":{"line":129,"column":8}}]},"5":{"line":132,"type":"if","locations":[{"start":{"line":132,"column":8},"end":{"line":132,"column":8}},{"start":{"line":132,"column":8},"end":{"line":132,"column":8}}]},"6":{"line":135,"type":"if","locations":[{"start":{"line":135,"column":8},"end":{"line":135,"column":8}},{"start":{"line":135,"column":8},"end":{"line":135,"column":8}}]},"7":{"line":139,"type":"if","locations":[{"start":{"line":139,"column":8},"end":{"line":139,"column":8}},{"start":{"line":139,"column":8},"end":{"line":139,"column":8}}]},"8":{"line":144,"type":"if","locations":[{"start":{"line":144,"column":8},"end":{"line":144,"column":8}},{"start":{"line":144,"column":8},"end":{"line":144,"column":8}}]}}},"contracts/UniqNFT.sol":{"l":{"18":3,"22":2,"23":2,"24":2,"25":2},"path":"/Users/mahith/Library/Mobile Documents/com~apple~CloudDocs/Husky/Coursework/INFO7500/Assignments/Assignment 02/Dutch-Auction/v2.0/contracts/UniqNFT.sol","s":{"1":2,"2":2,"3":2},"b":{"1":[2,1],"2":[2,0]},"f":{"1":3,"2":2},"fnMap":{"1":{"name":"constructor","line":17,"loc":{"start":{"line":17,"column":4},"end":{"line":19,"column":4}}},"2":{"name":"safeMint","line":21,"loc":{"start":{"line":21,"column":4},"end":{"line":26,"column":4}}}},"statementMap":{"1":{"start":{"line":22,"column":8},"end":{"line":22,"column":62}},"2":{"start":{"line":23,"column":8},"end":{"line":23,"column":28}},"3":{"start":{"line":24,"column":8},"end":{"line":24,"column":36}}},"branchMap":{"1":{"line":21,"type":"if","locations":[{"start":{"line":21,"column":41},"end":{"line":21,"column":41}},{"start":{"line":21,"column":41},"end":{"line":21,"column":41}}]},"2":{"line":22,"type":"if","locations":[{"start":{"line":22,"column":8},"end":{"line":22,"column":8}},{"start":{"line":22,"column":8},"end":{"line":22,"column":8}}]}}}}