{
"contracts/NFTDutchAuction_ERC20BidsUpgradeable.sol":{"l":{"73":3,"74":3,"75":3,"78":3,"79":3,"80":3,"83":3,"86":3,"87":3,"88":3,"91":3,"102":9,"107":9,"112":5,"117":4,"125":2,"126":2,"127":2,"142":4,"145":4,"148":4,"151":4,"154":3,"157":2,"158":2,"161":2},"path":"/Users/mahith/Library/Mobile Documents/com~apple~CloudDocs/Husky/Coursework/INFO7500/Assignments/Assignment 05/Dutch-Auction/v4.0/contracts/NFTDutchAuction_ERC20BidsUpgradeable.sol","s":{"1":3,"2":9,"3":9,"4":5,"5":4,"6":2,"7":4,"8":4,"9":4,"10":4,"11":3,"12":2,"13":2,"14":2},"b":{"1":[3,0],"2":[3,0],"3":[0,0],"4":[4,0],"5":[4,0],"6":[4,0],"7":[3,1],"8":[2,1],"9":[2,0]},"f":{"1":3,"2":0,"3":9,"4":9,"5":5,"6":4,"7":2,"8":4},"fnMap":{"1":{"name":"initialize","line":71,"loc":{"start":{"line":69,"column":4},"end":{"line":93,"column":4}}},"2":{"name":"_authorizeUpgrade","line":98,"loc":{"start":{"line":98,"column":4},"end":{"line":98,"column":69}}},"3":{"name":"currentBlock","line":101,"loc":{"start":{"line":101,"column":4},"end":{"line":103,"column":4}}},"4":{"name":"blockDifference","line":106,"loc":{"start":{"line":106,"column":4},"end":{"line":108,"column":4}}},"5":{"name":"currentPrice","line":111,"loc":{"start":{"line":111,"column":4},"end":{"line":113,"column":4}}},"6":{"name":"isAuctionOpen","line":116,"loc":{"start":{"line":116,"column":4},"end":{"line":118,"column":4}}},"7":{"name":"finalize","line":124,"loc":{"start":{"line":124,"column":4},"end":{"line":128,"column":4}}},"8":{"name":"bid","line":139,"loc":{"start":{"line":139,"column":4},"end":{"line":163,"column":4}}}},"statementMap":{"1":{"start":{"line":83,"column":8},"end":{"line":83,"column":84}},"2":{"start":{"line":102,"column":8},"end":{"line":102,"column":27}},"3":{"start":{"line":107,"column":8},"end":{"line":107,"column":41}},"4":{"start":{"line":112,"column":8},"end":{"line":112,"column":71}},"5":{"start":{"line":117,"column":8},"end":{"line":117,"column":56}},"6":{"start":{"line":125,"column":8},"end":{"line":125,"column":52}},"7":{"start":{"line":142,"column":8},"end":{"line":142,"column":52}},"8":{"start":{"line":145,"column":8},"end":{"line":145,"column":70}},"9":{"start":{"line":148,"column":8},"end":{"line":148,"column":59}},"10":{"start":{"line":151,"column":8},"end":{"line":151,"column":55}},"11":{"start":{"line":154,"column":8},"end":{"line":154,"column":62}},"12":{"start":{"line":157,"column":8},"end":{"line":157,"column":86}},"13":{"start":{"line":158,"column":8},"end":{"line":158,"column":51}},"14":{"start":{"line":161,"column":8},"end":{"line":161,"column":27}}},"branchMap":{"1":{"line":71,"type":"if","locations":[{"start":{"line":71,"column":76},"end":{"line":71,"column":76}},{"start":{"line":71,"column":76},"end":{"line":71,"column":76}}]},"2":{"line":83,"type":"if","locations":[{"start":{"line":83,"column":8},"end":{"line":83,"column":8}},{"start":{"line":83,"column":8},"end":{"line":83,"column":8}}]},"3":{"line":98,"type":"if","locations":[{"start":{"line":98,"column":58},"end":{"line":98,"column":58}},{"start":{"line":98,"column":58},"end":{"line":98,"column":58}}]},"4":{"line":142,"type":"if","locations":[{"start":{"line":142,"column":8},"end":{"line":142,"column":8}},{"start":{"line":142,"column":8},"end":{"line":142,"column":8}}]},"5":{"line":145,"type":"if","locations":[{"start":{"line":145,"column":8},"end":{"line":145,"column":8}},{"start":{"line":145,"column":8},"end":{"line":145,"column":8}}]},"6":{"line":148,"type":"if","locations":[{"start":{"line":148,"column":8},"end":{"line":148,"column":8}},{"start":{"line":148,"column":8},"end":{"line":148,"column":8}}]},"7":{"line":151,"type":"if","locations":[{"start":{"line":151,"column":8},"end":{"line":151,"column":8}},{"start":{"line":151,"column":8},"end":{"line":151,"column":8}}]},"8":{"line":154,"type":"if","locations":[{"start":{"line":154,"column":8},"end":{"line":154,"column":8}},{"start":{"line":154,"column":8},"end":{"line":154,"column":8}}]},"9":{"line":158,"type":"if","locations":[{"start":{"line":158,"column":8},"end":{"line":158,"column":8}},{"start":{"line":158,"column":8},"end":{"line":158,"column":8}}]}}},
"contracts/UniqNFT.sol":{"l":{"28":3,"34":2,"37":2,"40":2,"41":2},"path":"/Users/mahith/Library/Mobile Documents/com~apple~CloudDocs/Husky/Coursework/INFO7500/Assignments/Assignment 05/Dutch-Auction/v4.0/contracts/UniqNFT.sol","s":{"1":2,"2":2,"3":2},"b":{"1":[2,1],"2":[2,0]},"f":{"1":3,"2":2},"fnMap":{"1":{"name":"constructor","line":27,"loc":{"start":{"line":27,"column":4},"end":{"line":29,"column":4}}},"2":{"name":"safeMint","line":32,"loc":{"start":{"line":32,"column":4},"end":{"line":42,"column":4}}}},"statementMap":{"1":{"start":{"line":34,"column":8},"end":{"line":34,"column":62}},"2":{"start":{"line":37,"column":8},"end":{"line":37,"column":28}},"3":{"start":{"line":40,"column":8},"end":{"line":40,"column":36}}},"branchMap":{"1":{"line":32,"type":"if","locations":[{"start":{"line":32,"column":41},"end":{"line":32,"column":41}},{"start":{"line":32,"column":41},"end":{"line":32,"column":41}}]},"2":{"line":34,"type":"if","locations":[{"start":{"line":34,"column":8},"end":{"line":34,"column":8}},{"start":{"line":34,"column":8},"end":{"line":34,"column":8}}]}}},
"contracts/UniqToken.sol":{"l":{"23":3,"28":2,"36":1,"41":0,"52":1,"55":1,"63":1,"64":1,"67":1,"68":0,"72":1},"path":"/Users/mahith/Library/Mobile Documents/com~apple~CloudDocs/Husky/Coursework/INFO7500/Assignments/Assignment 05/Dutch-Auction/v4.0/contracts/UniqToken.sol","s":{"1":2,"2":1,"3":0,"4":1,"5":1,"6":1,"7":1,"8":1,"9":0,"10":1},"b":{"1":[1,0],"2":[1,0],"3":[0,1]},"f":{"1":3,"2":2,"3":1,"4":0,"5":1,"6":1},"fnMap":{"1":{"name":"constructor","line":22,"loc":{"start":{"line":22,"column":4},"end":{"line":24,"column":4}}},"2":{"name":"currentPrice","line":27,"loc":{"start":{"line":27,"column":4},"end":{"line":29,"column":4}}},"3":{"name":"invoice","line":35,"loc":{"start":{"line":35,"column":4},"end":{"line":37,"column":4}}},"4":{"name":"refund","line":40,"loc":{"start":{"line":40,"column":4},"end":{"line":42,"column":4}}},"5":{"name":"mint","line":49,"loc":{"start":{"line":49,"column":4},"end":{"line":56,"column":4}}},"6":{"name":"buy","line":60,"loc":{"start":{"line":60,"column":4},"end":{"line":73,"column":4}}}},"statementMap":{"1":{"start":{"line":28,"column":8},"end":{"line":28,"column":18}},"2":{"start":{"line":36,"column":8},"end":{"line":36,"column":42}},"3":{"start":{"line":41,"column":8},"end":{"line":41,"column":43}},"4":{"start":{"line":52,"column":8},"end":{"line":52,"column":68}},"5":{"start":{"line":55,"column":8},"end":{"line":55,"column":33}},"6":{"start":{"line":63,"column":8},"end":{"line":63,"column":52}},"7":{"start":{"line":64,"column":8},"end":{"line":64,"column":62}},"8":{"start":{"line":67,"column":8},"end":{"line":67,"column":1909}},"9":{"start":{"line":68,"column":12},"end":{"line":68,"column":41}},"10":{"start":{"line":72,"column":8},"end":{"line":72,"column":27}}},"branchMap":{"1":{"line":52,"type":"if","locations":[{"start":{"line":52,"column":8},"end":{"line":52,"column":8}},{"start":{"line":52,"column":8},"end":{"line":52,"column":8}}]},"2":{"line":64,"type":"if","locations":[{"start":{"line":64,"column":8},"end":{"line":64,"column":8}},{"start":{"line":64,"column":8},"end":{"line":64,"column":8}}]},"3":{"line":67,"type":"if","locations":[{"start":{"line":67,"column":8},"end":{"line":67,"column":8}},{"start":{"line":67,"column":8},"end":{"line":67,"column":8}}]}}}}
