TN:
SF:/Users/mahith/Library/Mobile Documents/com~apple~CloudDocs/Husky/Coursework/INFO7500/Assignments/Assignment 03/Dutch-Auction 2/v2.0/contracts/NFTDutchAuction.sol
FN:56,constructor
FN:82,currentBlock
FN:87,blockDifference
FN:92,currentPrice
FN:97,isAuctionOpen
FN:102,finalize
FN:109,refund
FN:120,bid
FNF:8
FNH:8
FNDA:3,constructor
FNDA:16,currentBlock
FNDA:16,blockDifference
FNDA:10,currentPrice
FNDA:6,isAuctionOpen
FNDA:3,finalize
FNDA:3,refund
FNDA:6,bid
DA:60,3
DA:61,3
DA:62,3
DA:65,3
DA:66,3
DA:69,3
DA:72,3
DA:73,3
DA:74,3
DA:77,3
DA:83,16
DA:88,16
DA:93,10
DA:98,6
DA:103,3
DA:104,3
DA:105,3
DA:110,3
DA:123,6
DA:126,5
DA:129,5
DA:132,5
DA:135,4
DA:138,3
DA:139,3
DA:142,3
DA:144,3
DA:145,3
DA:149,3
LF:29
LH:29
BRDA:69,1,0,3
BRDA:69,1,1,0
BRDA:123,2,0,5
BRDA:123,2,1,1
BRDA:126,3,0,5
BRDA:126,3,1,0
BRDA:129,4,0,5
BRDA:129,4,1,0
BRDA:132,5,0,4
BRDA:132,5,1,1
BRDA:135,6,0,3
BRDA:135,6,1,1
BRDA:139,7,0,3
BRDA:139,7,1,0
BRDA:144,8,0,3
BRDA:144,8,1,0
BRF:16
BRH:11
end_of_record
TN:
SF:/Users/mahith/Library/Mobile Documents/com~apple~CloudDocs/Husky/Coursework/INFO7500/Assignments/Assignment 03/Dutch-Auction 2/v2.0/contracts/UniqNFT.sol
FN:17,constructor
FN:21,safeMint
FNF:2
FNH:2
FNDA:3,constructor
FNDA:2,safeMint
DA:18,3
DA:22,2
DA:23,2
DA:24,2
DA:25,2
LF:5
LH:5
BRDA:21,1,0,2
BRDA:21,1,1,1
BRDA:22,2,0,2
BRDA:22,2,1,0
BRF:4
BRH:3
end_of_record
