TN:
SF:/Users/mahith/Library/Mobile Documents/com~apple~CloudDocs/Husky/Coursework/INFO7500/Assignments/Assignment 02/Dutch-Auction/v2.0/contracts/NFTDutchAuction.sol
FN:56,constructor
FN:82,currentBlock
FN:87,blockDifference
FN:92,currentPrice
FN:97,isAuctionOpen
FN:102,finalize
FN:109,refund
FN:120,bid
FNF:8
FNH:8
FNDA:3,constructor
FNDA:12,currentBlock
FNDA:12,blockDifference
FNDA:7,currentPrice
FNDA:5,isAuctionOpen
FNDA:2,finalize
FNDA:2,refund
FNDA:5,bid
DA:60,3
DA:61,3
DA:62,3
DA:65,3
DA:66,3
DA:69,3
DA:72,3
DA:73,3
DA:74,3
DA:77,3
DA:83,12
DA:88,12
DA:93,7
DA:98,5
DA:103,2
DA:104,1
DA:105,1
DA:110,2
DA:123,5
DA:126,5
DA:129,4
DA:132,4
DA:135,3
DA:138,2
DA:139,2
DA:142,2
DA:144,2
DA:145,2
DA:149,2
LF:29
LH:29
BRDA:69,1,0,3
BRDA:69,1,1,0
BRDA:123,2,0,5
BRDA:123,2,1,0
BRDA:126,3,0,4
BRDA:126,3,1,1
BRDA:129,4,0,4
BRDA:129,4,1,0
BRDA:132,5,0,3
BRDA:132,5,1,1
BRDA:135,6,0,2
BRDA:135,6,1,1
BRDA:139,7,0,2
BRDA:139,7,1,0
BRDA:144,8,0,2
BRDA:144,8,1,0
BRF:16
BRH:11
end_of_record
TN:
SF:/Users/mahith/Library/Mobile Documents/com~apple~CloudDocs/Husky/Coursework/INFO7500/Assignments/Assignment 02/Dutch-Auction/v2.0/contracts/UniqNFT.sol
FN:17,constructor
FN:21,safeMint
FNF:2
FNH:2
FNDA:3,constructor
FNDA:2,safeMint
DA:18,3
DA:22,2
DA:23,2
DA:24,2
DA:25,2
LF:5
LH:5
BRDA:21,1,0,2
BRDA:21,1,1,1
BRDA:22,2,0,2
BRDA:22,2,1,0
BRF:4
BRH:3
end_of_record
